<?xml version="1.0" encoding="UTF-8"?>
<!-- Generated by org.testng.reporters.JUnitReportReporter -->
<testsuite hostname="Sameera" failures="0" tests="1" name="cucumberOptions.TestNGTestRunner" time="46.775" errors="0" timestamp="2023-10-07T10:21:44 IST" skipped="0">
  <testcase classname="cucumberOptions.TestNGTestRunner" name="runScenario" time="46.775"/>
</testsuite> <!-- cucumberOptions.TestNGTestRunner -->
